<?xml version="1.0" encoding="UTF-8"?>
<!-- Generated by org.testng.reporters.JUnitXMLReporter -->
<testsuite ignored="0" hostname="DESKTOP-HCFSD6K" failures="3" tests="5" name="Surefire test" time="1.014" errors="0" timestamp="2025-07-03T12:54:56 IST">
  <testcase classname="validator.InvoiceValidationTest" name="validateInvoice" time="0.008"/>
  <testcase classname="validator.InvoiceValidationTest" name="validateInvoice" time="0.011">
    <failure type="java.lang.AssertionError" message="â�Œ Invoice failed: Invoice_Row_2 expected [true] but found [false]">
      <![CDATA[java.lang.AssertionError: â�Œ Invoice failed: Invoice_Row_2 expected [true] but found [false]
at validator.InvoiceValidationTest.validateInvoice(InvoiceValidationTest.java:25)
at java.base/java.util.ArrayList.forEach(ArrayList.java:1511)
... Removed 35 stack frames]]>
    </failure>
  </testcase> <!-- validateInvoice -->
  <testcase classname="validator.InvoiceValidationTest" name="validateInvoice" time="0.003">
    <failure type="java.lang.AssertionError" message="â�Œ Invoice failed: Invoice_Row_3 expected [true] but found [false]">
      <![CDATA[java.lang.AssertionError: â�Œ Invoice failed: Invoice_Row_3 expected [true] but found [false]
at validator.InvoiceValidationTest.validateInvoice(InvoiceValidationTest.java:25)
at java.base/java.util.ArrayList.forEach(ArrayList.java:1511)
... Removed 35 stack frames]]>
    </failure>
  </testcase> <!-- validateInvoice -->
  <testcase classname="validator.InvoiceValidationTest" name="validateInvoice" time="0.004">
    <failure type="java.lang.AssertionError" message="â�Œ Invoice failed: Invoice_Row_4 expected [true] but found [false]">
      <![CDATA[java.lang.AssertionError: â�Œ Invoice failed: Invoice_Row_4 expected [true] but found [false]
at validator.InvoiceValidationTest.validateInvoice(InvoiceValidationTest.java:25)
at java.base/java.util.ArrayList.forEach(ArrayList.java:1511)
... Removed 35 stack frames]]>
    </failure>
  </testcase> <!-- validateInvoice -->
  <testcase classname="validator.InvoiceValidationTest" name="validateInvoice" time="0.001"/>
</testsuite> <!-- Surefire test -->
